*** Starting uWSGI 2.0.15-debian (64bit) on [Wed May 15 11:16:34 2019] ***
compiled with version: 7.3.0 on 28 September 2018 15:41:15
os: Linux-4.15.0-29-generic #31-Ubuntu SMP Tue Jul 17 15:39:52 UTC 2018
nodename: VM-0-13-ubuntu
machine: x86_64
clock source: unix
pcre jit disabled
detected number of CPU cores: 1
current working directory: /AAA_blog
detected binary path: /usr/bin/uwsgi-core
dropping root privileges as early as possible
uWSGI running as root, you can use --uid/--gid/--chroot options
*** WARNING: you are running uWSGI as root !!! (use the --uid flag) *** 
chdir() to /AAA_blog
your processes number limit is 7102
your memory page size is 4096 bytes
detected max file descriptor number: 1024
lock engine: pthread robust mutexes
thunder lock: disabled (you can enable it with --thunder-lock)
uwsgi socket 0 bound to TCP address 127.0.0.1:8000 fd 3
dropping root privileges after socket binding
uWSGI running as root, you can use --uid/--gid/--chroot options
*** WARNING: you are running uWSGI as root !!! (use the --uid flag) *** 
dropping root privileges after plugin initialization
uWSGI running as root, you can use --uid/--gid/--chroot options
*** WARNING: you are running uWSGI as root !!! (use the --uid flag) *** 
your server socket listen backlog is limited to 100 connections
your mercy for graceful operations on workers is 60 seconds
mapped 145536 bytes (142 KB) for 1 cores
*** Operational MODE: single process ***
*** no app loaded. going in full dynamic mode ***
dropping root privileges after application loading
uWSGI running as root, you can use --uid/--gid/--chroot options
*** WARNING: you are running uWSGI as root !!! (use the --uid flag) *** 
*** uWSGI is running in multiple interpreter mode ***
!!!!!!!!!!!!!! WARNING !!!!!!!!!!!!!!
no request plugin is loaded, you will not be able to manage requests.
you may need to install the package for your language of choice, or simply load it with --plugin.
!!!!!!!!!!! END OF WARNING !!!!!!!!!!
spawned uWSGI master process (pid: 24799)
spawned uWSGI worker 1 (pid: 24800, cores: 1)
-- unavailable modifier requested: 0 --
-- unavailable modifier requested: 0 --
-- unavailable modifier requested: 0 --
-- unavailable modifier requested: 0 --
*** Starting uWSGI 2.0.15-debian (64bit) on [Wed May 15 11:26:12 2019] ***
compiled with version: 7.3.0 on 28 September 2018 15:41:15
os: Linux-4.15.0-29-generic #31-Ubuntu SMP Tue Jul 17 15:39:52 UTC 2018
nodename: VM-0-13-ubuntu
machine: x86_64
clock source: unix
pcre jit disabled
detected number of CPU cores: 1
current working directory: /AAA_blog
detected binary path: /usr/bin/uwsgi-core
dropping root privileges as early as possible
uWSGI running as root, you can use --uid/--gid/--chroot options
*** WARNING: you are running uWSGI as root !!! (use the --uid flag) *** 
chdir() to /AAA_blog
your processes number limit is 7102
your memory page size is 4096 bytes
detected max file descriptor number: 1024
lock engine: pthread robust mutexes
thunder lock: disabled (you can enable it with --thunder-lock)
dropping root privileges after socket binding
uWSGI running as root, you can use --uid/--gid/--chroot options
*** WARNING: you are running uWSGI as root !!! (use the --uid flag) *** 
dropping root privileges after plugin initialization
uWSGI running as root, you can use --uid/--gid/--chroot options
*** WARNING: you are running uWSGI as root !!! (use the --uid flag) *** 
The -s/--socket option is missing and stdin is not a socket.
...brutally killing workers...
worker 1 buried after 1 seconds
binary reloading uWSGI...
chdir() to /AAA_blog
closing all non-uwsgi socket fds > 2 (max_fd = 1024)...
found fd 3 mapped to socket 0 (127.0.0.1:8000)
running /usr/bin/uwsgi-core
[uWSGI] getting INI configuration from uwsgi.ini
*** Starting uWSGI 2.0.15-debian (64bit) on [Wed May 15 11:27:41 2019] ***
compiled with version: 7.3.0 on 28 September 2018 15:41:15
os: Linux-4.15.0-29-generic #31-Ubuntu SMP Tue Jul 17 15:39:52 UTC 2018
nodename: VM-0-13-ubuntu
machine: x86_64
clock source: unix
pcre jit disabled
detected number of CPU cores: 1
current working directory: /AAA_blog
detected binary path: /usr/bin/uwsgi-core
dropping root privileges as early as possible
uWSGI running as root, you can use --uid/--gid/--chroot options
*** WARNING: you are running uWSGI as root !!! (use the --uid flag) *** 
chdir() to /AAA_blog
your processes number limit is 7102
your memory page size is 4096 bytes
detected max file descriptor number: 1024
lock engine: pthread robust mutexes
thunder lock: disabled (you can enable it with --thunder-lock)
dropping root privileges after socket binding
uWSGI running as root, you can use --uid/--gid/--chroot options
*** WARNING: you are running uWSGI as root !!! (use the --uid flag) *** 
dropping root privileges after plugin initialization
uWSGI running as root, you can use --uid/--gid/--chroot options
*** WARNING: you are running uWSGI as root !!! (use the --uid flag) *** 
The -s/--socket option is missing and stdin is not a socket.
